Release 13.3 - xst O.76xd (nt)
Copyright (c) 1995-2011 Xilinx, Inc.  All rights reserved.
--> Parameter TMPDIR set to xst/projnav.tmp


Total REAL time to Xst completion: 1.00 secs
Total CPU time to Xst completion: 0.24 secs
 
--> Parameter xsthdpdir set to xst


Total REAL time to Xst completion: 1.00 secs
Total CPU time to Xst completion: 0.25 secs
 
--> Reading design: CAM_Array.prj

TABLE OF CONTENTS
  1) Synthesis Options Summary
  2) HDL Parsing
  3) HDL Elaboration
  4) HDL Synthesis
       4.1) HDL Synthesis Report
  5) Advanced HDL Synthesis
       5.1) Advanced HDL Synthesis Report
  6) Low Level Synthesis
  7) Partition Report
  8) Design Summary
       8.1) Primitive and Black Box Usage
       8.2) Device utilization summary
       8.3) Partition Resource Summary
       8.4) Timing Report
            8.4.1) Clock Information
            8.4.2) Asynchronous Control Signals Information
            8.4.3) Timing Summary
            8.4.4) Timing Details
            8.4.5) Cross Clock Domains Report


=========================================================================
*                      Synthesis Options Summary                        *
=========================================================================
---- Source Parameters
Input File Name                    : "CAM_Array.prj"
Ignore Synthesis Constraint File   : NO

---- Target Parameters
Output File Name                   : "CAM_Array"
Output Format                      : NGC
Target Device                      : xc6vlx240t-1-ff1156

---- Source Options
Top Module Name                    : CAM_Array
Automatic FSM Extraction           : YES
FSM Encoding Algorithm             : Auto
Safe Implementation                : No
FSM Style                          : LUT
RAM Extraction                     : Yes
RAM Style                          : Auto
ROM Extraction                     : Yes
Shift Register Extraction          : YES
ROM Style                          : Auto
Resource Sharing                   : YES
Asynchronous To Synchronous        : NO
Shift Register Minimum Size        : 2
Use DSP Block                      : Auto
Automatic Register Balancing       : No

---- Target Options
LUT Combining                      : Auto
Reduce Control Sets                : Auto
Add IO Buffers                     : YES
Global Maximum Fanout              : 100000
Add Generic Clock Buffer(BUFG)     : 32
Register Duplication               : YES
Optimize Instantiated Primitives   : NO
Use Clock Enable                   : Auto
Use Synchronous Set                : Auto
Use Synchronous Reset              : Auto
Pack IO Registers into IOBs        : Auto
Equivalent register Removal        : YES

---- General Options
Optimization Goal                  : Speed
Optimization Effort                : 1
Power Reduction                    : NO
Keep Hierarchy                     : No
Netlist Hierarchy                  : As_Optimized
RTL Output                         : Yes
Global Optimization                : AllClockNets
Read Cores                         : YES
Write Timing Constraints           : NO
Cross Clock Analysis               : NO
Hierarchy Separator                : /
Bus Delimiter                      : <>
Case Specifier                     : Maintain
Slice Utilization Ratio            : 100
BRAM Utilization Ratio             : 100
DSP48 Utilization Ratio            : 100
Auto BRAM Packing                  : NO
Slice Utilization Ratio Delta      : 5

=========================================================================


=========================================================================
*                          HDL Parsing                                  *
=========================================================================
Parsing VHDL file "\\nemo.cs.ucr.edu\wongc\Desktop\cs161\lab7\Cache_4KB_DM\Cache_4KB_DM.vhd" into library work
Parsing entity <my_cache>.
Parsing architecture <Behavioral> of entity <my_cache>.
Parsing entity <Control_unit>.
Parsing architecture <bhv> of entity <control_unit>.
Parsing entity <CAM_Array>.
Parsing architecture <Behavioral> of entity <cam_array>.
Parsing entity <CAM_Row>.
Parsing architecture <Behavioral> of entity <cam_row>.
Parsing entity <CAM_Cell>.
Parsing architecture <Binary_Cell> of entity <cam_cell>.
Parsing entity <decoder>.
Parsing architecture <behavior> of entity <decoder>.
Parsing entity <mux>.
Parsing architecture <behavior> of entity <mux>.

=========================================================================
*                            HDL Elaboration                            *
=========================================================================

Elaborating entity <CAM_Array> (architecture <Behavioral>) with generics from library <work>.

Elaborating entity <CAM_Row> (architecture <Behavioral>) with generics from library <work>.

Elaborating entity <CAM_Cell> (architecture <Binary_Cell>) from library <work>.
ERROR:HDLCompiler:1401 - "\\nemo.cs.ucr.edu\wongc\Desktop\cs161\lab7\Cache_4KB_DM\Cache_4KB_DM.vhd" Line 270: Signal decoded_match_address[0] in unit CAM_Array(8,1) is connected to following multiple drivers:
ERROR:HDLCompiler:1379 - "\\nemo.cs.ucr.edu\wongc\Desktop\cs161\lab7\Cache_4KB_DM\Cache_4KB_DM.vhd" Line 284: Driver 0: output signal decoded_match_address[0] of instance Flip-Flop
ERROR:HDLCompiler:1379 - "\\nemo.cs.ucr.edu\wongc\Desktop\cs161\lab7\Cache_4KB_DM\Cache_4KB_DM.vhd" Line 270: Driver 1: gen_sub[0].forward_unit/row_match driven by output signal cell_match_bit_out of instance AND Gate
--> 

Total memory usage is 119808 kilobytes

Number of errors   :    3 (   0 filtered)
Number of warnings :    0 (   0 filtered)
Number of infos    :    0 (   0 filtered)

