Release 13.3 Map O.76xd (nt)
Xilinx Mapping Report File for Design 'CAM_Wrapper'

Design Information
------------------
Command Line   : map -intstyle ise -p xc6vlx240t-ff1156-1 -w -logic_opt off -ol
high -t 1 -xt 0 -register_duplication off -r 4 -global_opt off -mt off -ir off
-pr off -lc off -power off -o CAM_Wrapper_map.ncd CAM_Wrapper.ngd
CAM_Wrapper.pcf 
Target Device  : xc6vlx240t
Target Package : ff1156
Target Speed   : -1
Mapper Version : virtex6 -- $Revision: 1.55 $
Mapped Date    : Wed May 30 12:58:06 2012

Design Summary
--------------
Number of errors:      0
Number of warnings:    0
Slice Logic Utilization:
  Number of Slice Registers:                   874 out of 301,440    1%
    Number used as Flip Flops:                 874
    Number used as Latches:                      0
    Number used as Latch-thrus:                  0
    Number used as AND/OR logics:                0
  Number of Slice LUTs:                        380 out of 150,720    1%
    Number used as logic:                      256 out of 150,720    1%
      Number using O6 output only:             256
      Number using O5 output only:               0
      Number using O5 and O6:                    0
      Number used as ROM:                        0
    Number used as Memory:                       0 out of  58,400    0%
    Number used exclusively as route-thrus:    124
      Number with same-slice register load:    124
      Number with same-slice carry load:         0
      Number with other load:                    0

Slice Logic Distribution:
  Number of occupied Slices:                   441 out of  37,680    1%
  Number of LUT Flip Flop pairs used:          739
    Number with an unused Flip Flop:             0 out of     739    0%
    Number with an unused LUT:                 359 out of     739   48%
    Number of fully used LUT-FF pairs:         380 out of     739   51%
    Number of unique control sets:              33
    Number of slice register sites lost
      to control set restrictions:             110 out of 301,440    1%

  A LUT Flip Flop pair for this architecture represents one LUT paired with
  one Flip Flop within a slice.  A control set is a unique combination of
  clock, reset, set, and enable signals for a registered element.
  The Slice Logic Distribution report is not meaningful if the design is
  over-mapped for a non-slice resource or if Placement fails.
  OVERMAPPING of BRAM resources should be ignored if the design is
  over-mapped for a non-BRAM resource or if placement fails.

IO Utilization:
  Number of bonded IOBs:                        82 out of     600   13%

Specific Feature Utilization:
  Number of RAMB36E1/FIFO36E1s:                  0 out of     416    0%
  Number of RAMB18E1/FIFO18E1s:                  0 out of     832    0%
  Number of BUFG/BUFGCTRLs:                      1 out of      32    3%
    Number used as BUFGs:                        1
    Number used as BUFGCTRLs:                    0
  Number of ILOGICE1/ISERDESE1s:                 0 out of     720    0%
  Number of OLOGICE1/OSERDESE1s:                 0 out of     720    0%
  Number of BSCANs:                              0 out of       4    0%
  Number of BUFHCEs:                             0 out of     144    0%
  Number of BUFIODQSs:                           0 out of      72    0%
  Number of BUFRs:                               0 out of      36    0%
  Number of CAPTUREs:                            0 out of       1    0%
  Number of DSP48E1s:                            0 out of     768    0%
  Number of EFUSE_USRs:                          0 out of       1    0%
  Number of FRAME_ECCs:                          0 out of       1    0%
  Number of GTXE1s:                              0 out of      20    0%
  Number of IBUFDS_GTXE1s:                       0 out of      12    0%
  Number of ICAPs:                               0 out of       2    0%
  Number of IDELAYCTRLs:                         0 out of      18    0%
  Number of IODELAYE1s:                          0 out of     720    0%
  Number of MMCM_ADVs:                           0 out of      12    0%
  Number of PCIE_2_0s:                           0 out of       2    0%
  Number of STARTUPs:                            1 out of       1  100%
  Number of SYSMONs:                             0 out of       1    0%
  Number of TEMAC_SINGLEs:                       0 out of       4    0%

Average Fanout of Non-Clock Nets:                2.85

Peak Memory Usage:  454 MB
Total REAL time to MAP completion:  1 mins 38 secs 
Total CPU time to MAP completion:   1 mins 37 secs 

Table of Contents
-----------------
Section 1 - Errors
Section 2 - Warnings
Section 3 - Informational
Section 4 - Removed Logic Summary
Section 5 - Removed Logic
Section 6 - IOB Properties
Section 7 - RPMs
Section 8 - Guide Report
Section 9 - Area Group and Partition Summary
Section 10 - Timing Report
Section 11 - Configuration String Information
Section 12 - Control Set Information
Section 13 - Utilization by Hierarchy

Section 1 - Errors
------------------

Section 2 - Warnings
--------------------

Section 3 - Informational
-------------------------
INFO:MapLib:562 - No environment variables are currently set.
INFO:LIT:244 - All of the single ended outputs in this design are using slew
   rate limited output drivers. The delay on speed critical single ended outputs
   can be dramatically reduced by designating them as fast outputs.
INFO:Pack:1716 - Initializing temperature to 85.000 Celsius. (default - Range:
   0.000 to 85.000 Celsius)
INFO:Pack:1720 - Initializing voltage to 0.950 Volts. (default - Range: 0.950 to
   1.050 Volts)
INFO:Map:215 - The Interim Design Summary has been generated in the MAP Report
   (.mrp).
INFO:Pack:1650 - Map created a placed design.

Section 4 - Removed Logic Summary
---------------------------------
   1 block(s) optimized away
   1 signal(s) removed

Section 5 - Removed Logic
-------------------------

The trimmed logic reported below is either:
   1. part of a cycle
   2. part of disabled logic
   3. a side-effect of other trimmed logic

The signal "N0" is unused and has been removed.

Optimized Block(s):
TYPE 		BLOCK
GND 		XST_GND

Section 6 - IOB Properties
--------------------------

+---------------------------------------------------------------------------------------------------------------------------------------------------------+
| IOB Name                           | Type             | Direction | IO Standard          | Diff  | Drive    | Slew | Reg (s)      | Resistor | IOB      |
|                                    |                  |           |                      | Term  | Strength | Rate |              |          | Delay    |
+---------------------------------------------------------------------------------------------------------------------------------------------------------+
| clk                                | IOB              | INPUT     | LVCMOS25             |       |          |      |              |          |          |
| decoded_match_address<0>           | IOB              | OUTPUT    | LVCMOS25             |       | 12       | SLOW |              |          |          |
| decoded_match_address<1>           | IOB              | OUTPUT    | LVCMOS25             |       | 12       | SLOW |              |          |          |
| decoded_match_address<2>           | IOB              | OUTPUT    | LVCMOS25             |       | 12       | SLOW |              |          |          |
| decoded_match_address<3>           | IOB              | OUTPUT    | LVCMOS25             |       | 12       | SLOW |              |          |          |
| decoded_match_address<4>           | IOB              | OUTPUT    | LVCMOS25             |       | 12       | SLOW |              |          |          |
| decoded_match_address<5>           | IOB              | OUTPUT    | LVCMOS25             |       | 12       | SLOW |              |          |          |
| decoded_match_address<6>           | IOB              | OUTPUT    | LVCMOS25             |       | 12       | SLOW |              |          |          |
| decoded_match_address<7>           | IOB              | OUTPUT    | LVCMOS25             |       | 12       | SLOW |              |          |          |
| dont_care_mask<0>                  | IOB              | INPUT     | LVCMOS25             |       |          |      |              |          |          |
| dont_care_mask<1>                  | IOB              | INPUT     | LVCMOS25             |       |          |      |              |          |          |
| dont_care_mask<2>                  | IOB              | INPUT     | LVCMOS25             |       |          |      |              |          |          |
| dont_care_mask<3>                  | IOB              | INPUT     | LVCMOS25             |       |          |      |              |          |          |
| dont_care_mask<4>                  | IOB              | INPUT     | LVCMOS25             |       |          |      |              |          |          |
| dont_care_mask<5>                  | IOB              | INPUT     | LVCMOS25             |       |          |      |              |          |          |
| dont_care_mask<6>                  | IOB              | INPUT     | LVCMOS25             |       |          |      |              |          |          |
| dont_care_mask<7>                  | IOB              | INPUT     | LVCMOS25             |       |          |      |              |          |          |
| dont_care_mask<8>                  | IOB              | INPUT     | LVCMOS25             |       |          |      |              |          |          |
| dont_care_mask<9>                  | IOB              | INPUT     | LVCMOS25             |       |          |      |              |          |          |
| dont_care_mask<10>                 | IOB              | INPUT     | LVCMOS25             |       |          |      |              |          |          |
| dont_care_mask<11>                 | IOB              | INPUT     | LVCMOS25             |       |          |      |              |          |          |
| dont_care_mask<12>                 | IOB              | INPUT     | LVCMOS25             |       |          |      |              |          |          |
| dont_care_mask<13>                 | IOB              | INPUT     | LVCMOS25             |       |          |      |              |          |          |
| dont_care_mask<14>                 | IOB              | INPUT     | LVCMOS25             |       |          |      |              |          |          |
| dont_care_mask<15>                 | IOB              | INPUT     | LVCMOS25             |       |          |      |              |          |          |
| dont_care_mask<16>                 | IOB              | INPUT     | LVCMOS25             |       |          |      |              |          |          |
| dont_care_mask<17>                 | IOB              | INPUT     | LVCMOS25             |       |          |      |              |          |          |
| dont_care_mask<18>                 | IOB              | INPUT     | LVCMOS25             |       |          |      |              |          |          |
| dont_care_mask<19>                 | IOB              | INPUT     | LVCMOS25             |       |          |      |              |          |          |
| dont_care_mask<20>                 | IOB              | INPUT     | LVCMOS25             |       |          |      |              |          |          |
| dont_care_mask<21>                 | IOB              | INPUT     | LVCMOS25             |       |          |      |              |          |          |
| dont_care_mask<22>                 | IOB              | INPUT     | LVCMOS25             |       |          |      |              |          |          |
| dont_care_mask<23>                 | IOB              | INPUT     | LVCMOS25             |       |          |      |              |          |          |
| dont_care_mask<24>                 | IOB              | INPUT     | LVCMOS25             |       |          |      |              |          |          |
| dont_care_mask<25>                 | IOB              | INPUT     | LVCMOS25             |       |          |      |              |          |          |
| dont_care_mask<26>                 | IOB              | INPUT     | LVCMOS25             |       |          |      |              |          |          |
| dont_care_mask<27>                 | IOB              | INPUT     | LVCMOS25             |       |          |      |              |          |          |
| dont_care_mask<28>                 | IOB              | INPUT     | LVCMOS25             |       |          |      |              |          |          |
| dont_care_mask<29>                 | IOB              | INPUT     | LVCMOS25             |       |          |      |              |          |          |
| dont_care_mask<30>                 | IOB              | INPUT     | LVCMOS25             |       |          |      |              |          |          |
| dont_care_mask<31>                 | IOB              | INPUT     | LVCMOS25             |       |          |      |              |          |          |
| rst                                | IOB              | INPUT     | LVCMOS25             |       |          |      |              |          |          |
| search_word<0>                     | IOB              | INPUT     | LVCMOS25             |       |          |      |              |          |          |
| search_word<1>                     | IOB              | INPUT     | LVCMOS25             |       |          |      |              |          |          |
| search_word<2>                     | IOB              | INPUT     | LVCMOS25             |       |          |      |              |          |          |
| search_word<3>                     | IOB              | INPUT     | LVCMOS25             |       |          |      |              |          |          |
| search_word<4>                     | IOB              | INPUT     | LVCMOS25             |       |          |      |              |          |          |
| search_word<5>                     | IOB              | INPUT     | LVCMOS25             |       |          |      |              |          |          |
| search_word<6>                     | IOB              | INPUT     | LVCMOS25             |       |          |      |              |          |          |
| search_word<7>                     | IOB              | INPUT     | LVCMOS25             |       |          |      |              |          |          |
| search_word<8>                     | IOB              | INPUT     | LVCMOS25             |       |          |      |              |          |          |
| search_word<9>                     | IOB              | INPUT     | LVCMOS25             |       |          |      |              |          |          |
| search_word<10>                    | IOB              | INPUT     | LVCMOS25             |       |          |      |              |          |          |
| search_word<11>                    | IOB              | INPUT     | LVCMOS25             |       |          |      |              |          |          |
| search_word<12>                    | IOB              | INPUT     | LVCMOS25             |       |          |      |              |          |          |
| search_word<13>                    | IOB              | INPUT     | LVCMOS25             |       |          |      |              |          |          |
| search_word<14>                    | IOB              | INPUT     | LVCMOS25             |       |          |      |              |          |          |
| search_word<15>                    | IOB              | INPUT     | LVCMOS25             |       |          |      |              |          |          |
| search_word<16>                    | IOB              | INPUT     | LVCMOS25             |       |          |      |              |          |          |
| search_word<17>                    | IOB              | INPUT     | LVCMOS25             |       |          |      |              |          |          |
| search_word<18>                    | IOB              | INPUT     | LVCMOS25             |       |          |      |              |          |          |
| search_word<19>                    | IOB              | INPUT     | LVCMOS25             |       |          |      |              |          |          |
| search_word<20>                    | IOB              | INPUT     | LVCMOS25             |       |          |      |              |          |          |
| search_word<21>                    | IOB              | INPUT     | LVCMOS25             |       |          |      |              |          |          |
| search_word<22>                    | IOB              | INPUT     | LVCMOS25             |       |          |      |              |          |          |
| search_word<23>                    | IOB              | INPUT     | LVCMOS25             |       |          |      |              |          |          |
| search_word<24>                    | IOB              | INPUT     | LVCMOS25             |       |          |      |              |          |          |
| search_word<25>                    | IOB              | INPUT     | LVCMOS25             |       |          |      |              |          |          |
| search_word<26>                    | IOB              | INPUT     | LVCMOS25             |       |          |      |              |          |          |
| search_word<27>                    | IOB              | INPUT     | LVCMOS25             |       |          |      |              |          |          |
| search_word<28>                    | IOB              | INPUT     | LVCMOS25             |       |          |      |              |          |          |
| search_word<29>                    | IOB              | INPUT     | LVCMOS25             |       |          |      |              |          |          |
| search_word<30>                    | IOB              | INPUT     | LVCMOS25             |       |          |      |              |          |          |
| search_word<31>                    | IOB              | INPUT     | LVCMOS25             |       |          |      |              |          |          |
| we_decoded_row_address<0>          | IOB              | INPUT     | LVCMOS25             |       |          |      |              |          |          |
| we_decoded_row_address<1>          | IOB              | INPUT     | LVCMOS25             |       |          |      |              |          |          |
| we_decoded_row_address<2>          | IOB              | INPUT     | LVCMOS25             |       |          |      |              |          |          |
| we_decoded_row_address<3>          | IOB              | INPUT     | LVCMOS25             |       |          |      |              |          |          |
| we_decoded_row_address<4>          | IOB              | INPUT     | LVCMOS25             |       |          |      |              |          |          |
| we_decoded_row_address<5>          | IOB              | INPUT     | LVCMOS25             |       |          |      |              |          |          |
| we_decoded_row_address<6>          | IOB              | INPUT     | LVCMOS25             |       |          |      |              |          |          |
| we_decoded_row_address<7>          | IOB              | INPUT     | LVCMOS25             |       |          |      |              |          |          |
+---------------------------------------------------------------------------------------------------------------------------------------------------------+

Section 7 - RPMs
----------------

Section 8 - Guide Report
------------------------
Guide not run on this design.

Section 9 - Area Group and Partition Summary
--------------------------------------------

Partition Implementation Status
-------------------------------

  No Partitions were found in this design.

-------------------------------

Area Group Information
----------------------

  No area groups were found in this design.

----------------------

Section 10 - Timing Report
--------------------------
A logic-level (pre-route) timing report can be generated by using Xilinx static
timing analysis tools, Timing Analyzer (GUI) or TRCE (command line), with the
mapped NCD and PCF files. Please note that this timing report will be generated
using estimated delay information. For accurate numbers, please generate a
timing report with the post Place and Route NCD file.

For more information about the Timing Analyzer, consult the Xilinx Timing
Analyzer Reference Manual; for more information about TRCE, consult the Xilinx
Command Line Tools User Guide "TRACE" chapter.

Section 11 - Configuration String Details
-----------------------------------------
Use the "-detail" map option to print out Configuration Strings

Section 12 - Control Set Information
------------------------------------
Use the "-detail" map option to print out Control Set Information.

Section 13 - Utilization by Hierarchy
-------------------------------------
Use the "-detail" map option to print out the Utilization by Hierarchy section.
