--------------------------------------------------------------------------------
Release 13.3 Trace  (nt)
Copyright (c) 1995-2011 Xilinx, Inc.  All rights reserved.

C:\Xilinx\13.3\ISE_DS\ISE\bin\nt\unwrapped\trce.exe -intstyle ise -v 3 -s 1 -n
3 -fastpaths -xml CAM_Wrapper.twx CAM_Wrapper.ncd -o CAM_Wrapper.twr
CAM_Wrapper.pcf

Design file:              CAM_Wrapper.ncd
Physical constraint file: CAM_Wrapper.pcf
Device,package,speed:     xc6vlx240t,ff1156,C,-1 (PRODUCTION 1.15 2011-10-03, STEPPING level 0)
Report level:             verbose report

Environment Variable      Effect 
--------------------      ------ 
NONE                      No environment variables were set
--------------------------------------------------------------------------------

INFO:Timing:2698 - No timing constraints found, doing default enumeration.
INFO:Timing:2752 - To get complete path coverage, use the unconstrained paths 
   option. All paths that are not constrained will be reported in the 
   unconstrained paths section(s) of the report.
INFO:Timing:3339 - The clock-to-out numbers in this timing report are based on 
   a 50 Ohm transmission line loading model.  For the details of this model, 
   and for more information on accounting for different loading conditions, 
   please see the device datasheet.



Data Sheet report:
-----------------
All values displayed in nanoseconds (ns)

Setup/Hold to clock clk
-------------------------+------------+------------+------------+------------+------------------+--------+
                         |Max Setup to|  Process   |Max Hold to |  Process   |                  | Clock  |
Source                   | clk (edge) |   Corner   | clk (edge) |   Corner   |Internal Clock(s) | Phase  |
-------------------------+------------+------------+------------+------------+------------------+--------+
dont_care_mask<0>        |   -0.084(R)|      FAST  |    1.209(R)|      SLOW  |clk_BUFGP         |   0.000|
dont_care_mask<1>        |   -0.040(R)|      FAST  |    1.162(R)|      SLOW  |clk_BUFGP         |   0.000|
dont_care_mask<2>        |   -0.111(R)|      FAST  |    1.228(R)|      SLOW  |clk_BUFGP         |   0.000|
dont_care_mask<3>        |   -0.122(R)|      FAST  |    1.244(R)|      SLOW  |clk_BUFGP         |   0.000|
dont_care_mask<4>        |   -0.159(R)|      FAST  |    1.378(R)|      SLOW  |clk_BUFGP         |   0.000|
dont_care_mask<5>        |   -0.159(R)|      FAST  |    1.376(R)|      SLOW  |clk_BUFGP         |   0.000|
dont_care_mask<6>        |   -0.109(R)|      FAST  |    1.272(R)|      SLOW  |clk_BUFGP         |   0.000|
dont_care_mask<7>        |   -0.303(R)|      FAST  |    1.570(R)|      SLOW  |clk_BUFGP         |   0.000|
dont_care_mask<8>        |   -0.157(R)|      FAST  |    1.298(R)|      SLOW  |clk_BUFGP         |   0.000|
dont_care_mask<9>        |   -0.304(R)|      FAST  |    1.555(R)|      SLOW  |clk_BUFGP         |   0.000|
dont_care_mask<10>       |   -0.301(R)|      FAST  |    1.547(R)|      SLOW  |clk_BUFGP         |   0.000|
dont_care_mask<11>       |   -0.321(R)|      FAST  |    1.577(R)|      SLOW  |clk_BUFGP         |   0.000|
dont_care_mask<12>       |   -0.095(R)|      FAST  |    1.277(R)|      SLOW  |clk_BUFGP         |   0.000|
dont_care_mask<13>       |   -0.109(R)|      FAST  |    1.281(R)|      SLOW  |clk_BUFGP         |   0.000|
dont_care_mask<14>       |   -0.173(R)|      FAST  |    1.384(R)|      SLOW  |clk_BUFGP         |   0.000|
dont_care_mask<15>       |   -0.196(R)|      FAST  |    1.417(R)|      SLOW  |clk_BUFGP         |   0.000|
dont_care_mask<16>       |   -0.025(R)|      FAST  |    1.186(R)|      SLOW  |clk_BUFGP         |   0.000|
dont_care_mask<17>       |   -0.129(R)|      FAST  |    1.309(R)|      SLOW  |clk_BUFGP         |   0.000|
dont_care_mask<18>       |    0.169(R)|      FAST  |    1.004(R)|      SLOW  |clk_BUFGP         |   0.000|
dont_care_mask<19>       |    0.094(R)|      FAST  |    1.124(R)|      SLOW  |clk_BUFGP         |   0.000|
dont_care_mask<20>       |   -0.146(R)|      FAST  |    1.367(R)|      SLOW  |clk_BUFGP         |   0.000|
dont_care_mask<21>       |   -0.035(R)|      FAST  |    1.173(R)|      SLOW  |clk_BUFGP         |   0.000|
dont_care_mask<22>       |   -0.035(R)|      FAST  |    1.144(R)|      SLOW  |clk_BUFGP         |   0.000|
dont_care_mask<23>       |   -0.170(R)|      FAST  |    1.357(R)|      SLOW  |clk_BUFGP         |   0.000|
dont_care_mask<24>       |   -0.330(R)|      FAST  |    1.603(R)|      SLOW  |clk_BUFGP         |   0.000|
dont_care_mask<25>       |   -0.033(R)|      FAST  |    1.131(R)|      SLOW  |clk_BUFGP         |   0.000|
dont_care_mask<26>       |   -0.105(R)|      FAST  |    1.248(R)|      SLOW  |clk_BUFGP         |   0.000|
dont_care_mask<27>       |   -0.053(R)|      FAST  |    1.189(R)|      SLOW  |clk_BUFGP         |   0.000|
dont_care_mask<28>       |   -0.006(R)|      FAST  |    1.126(R)|      SLOW  |clk_BUFGP         |   0.000|
dont_care_mask<29>       |   -0.076(R)|      FAST  |    1.197(R)|      SLOW  |clk_BUFGP         |   0.000|
dont_care_mask<30>       |    0.100(R)|      FAST  |    0.922(R)|      SLOW  |clk_BUFGP         |   0.000|
dont_care_mask<31>       |    0.021(R)|      FAST  |    1.037(R)|      SLOW  |clk_BUFGP         |   0.000|
rst                      |    1.844(R)|      SLOW  |    0.703(R)|      SLOW  |clk_BUFGP         |   0.000|
search_word<0>           |    0.729(R)|      FAST  |    0.204(R)|      SLOW  |clk_BUFGP         |   0.000|
search_word<1>           |    0.358(R)|      FAST  |    0.687(R)|      SLOW  |clk_BUFGP         |   0.000|
search_word<2>           |    0.597(R)|      FAST  |    0.323(R)|      SLOW  |clk_BUFGP         |   0.000|
search_word<3>           |    0.452(R)|      FAST  |    0.599(R)|      SLOW  |clk_BUFGP         |   0.000|
search_word<4>           |    0.565(R)|      FAST  |    0.358(R)|      SLOW  |clk_BUFGP         |   0.000|
search_word<5>           |    0.259(R)|      FAST  |    0.799(R)|      SLOW  |clk_BUFGP         |   0.000|
search_word<6>           |    0.458(R)|      FAST  |    0.489(R)|      SLOW  |clk_BUFGP         |   0.000|
search_word<7>           |    0.273(R)|      FAST  |    0.833(R)|      SLOW  |clk_BUFGP         |   0.000|
search_word<8>           |    0.386(R)|      FAST  |    0.702(R)|      SLOW  |clk_BUFGP         |   0.000|
search_word<9>           |    0.280(R)|      FAST  |    0.826(R)|      SLOW  |clk_BUFGP         |   0.000|
search_word<10>          |    0.363(R)|      FAST  |    0.676(R)|      SLOW  |clk_BUFGP         |   0.000|
search_word<11>          |    0.401(R)|      FAST  |    0.614(R)|      SLOW  |clk_BUFGP         |   0.000|
search_word<12>          |    0.471(R)|      FAST  |    0.595(R)|      SLOW  |clk_BUFGP         |   0.000|
search_word<13>          |    0.315(R)|      FAST  |    0.771(R)|      SLOW  |clk_BUFGP         |   0.000|
search_word<14>          |    0.416(R)|      FAST  |    0.635(R)|      SLOW  |clk_BUFGP         |   0.000|
search_word<15>          |    0.337(R)|      FAST  |    0.736(R)|      SLOW  |clk_BUFGP         |   0.000|
search_word<16>          |    0.184(R)|      FAST  |    0.975(R)|      SLOW  |clk_BUFGP         |   0.000|
search_word<17>          |    0.179(R)|      FAST  |    0.989(R)|      SLOW  |clk_BUFGP         |   0.000|
search_word<18>          |    0.181(R)|      FAST  |    0.994(R)|      SLOW  |clk_BUFGP         |   0.000|
search_word<19>          |    0.178(R)|      FAST  |    1.007(R)|      SLOW  |clk_BUFGP         |   0.000|
search_word<20>          |    0.439(R)|      FAST  |    0.458(R)|      SLOW  |clk_BUFGP         |   0.000|
search_word<21>          |    0.222(R)|      FAST  |    0.768(R)|      SLOW  |clk_BUFGP         |   0.000|
search_word<22>          |    0.275(R)|      FAST  |    0.684(R)|      SLOW  |clk_BUFGP         |   0.000|
search_word<23>          |    0.233(R)|      FAST  |    0.753(R)|      SLOW  |clk_BUFGP         |   0.000|
search_word<24>          |    0.290(R)|      FAST  |    0.684(R)|      SLOW  |clk_BUFGP         |   0.000|
search_word<25>          |    0.292(R)|      FAST  |    0.625(R)|      SLOW  |clk_BUFGP         |   0.000|
search_word<26>          |    0.126(R)|      FAST  |    0.903(R)|      SLOW  |clk_BUFGP         |   0.000|
search_word<27>          |    0.138(R)|      FAST  |    0.849(R)|      SLOW  |clk_BUFGP         |   0.000|
search_word<28>          |    0.176(R)|      FAST  |    0.811(R)|      SLOW  |clk_BUFGP         |   0.000|
search_word<29>          |    0.272(R)|      FAST  |    0.670(R)|      SLOW  |clk_BUFGP         |   0.000|
search_word<30>          |    0.183(R)|      FAST  |    0.806(R)|      SLOW  |clk_BUFGP         |   0.000|
search_word<31>          |    0.075(R)|      FAST  |    1.019(R)|      SLOW  |clk_BUFGP         |   0.000|
we_decoded_row_address<0>|    0.043(R)|      FAST  |    1.033(R)|      SLOW  |clk_BUFGP         |   0.000|
we_decoded_row_address<1>|    0.023(R)|      FAST  |    1.063(R)|      SLOW  |clk_BUFGP         |   0.000|
we_decoded_row_address<2>|    0.038(R)|      FAST  |    1.045(R)|      SLOW  |clk_BUFGP         |   0.000|
we_decoded_row_address<3>|   -0.027(R)|      FAST  |    1.147(R)|      SLOW  |clk_BUFGP         |   0.000|
we_decoded_row_address<4>|    0.200(R)|      FAST  |    0.811(R)|      SLOW  |clk_BUFGP         |   0.000|
we_decoded_row_address<5>|    0.349(R)|      FAST  |    0.623(R)|      SLOW  |clk_BUFGP         |   0.000|
we_decoded_row_address<6>|    0.379(R)|      FAST  |    0.602(R)|      SLOW  |clk_BUFGP         |   0.000|
we_decoded_row_address<7>|    0.395(R)|      FAST  |    0.573(R)|      SLOW  |clk_BUFGP         |   0.000|
-------------------------+------------+------------+------------+------------+------------------+--------+

Clock clk to Pad
------------------------+-----------------+------------+-----------------+------------+------------------+--------+
                        |Max (slowest) clk|  Process   |Min (fastest) clk|  Process   |                  | Clock  |
Destination             |  (edge) to PAD  |   Corner   |  (edge) to PAD  |   Corner   |Internal Clock(s) | Phase  |
------------------------+-----------------+------------+-----------------+------------+------------------+--------+
decoded_match_address<0>|         8.006(R)|      SLOW  |         3.551(R)|      FAST  |clk_BUFGP         |   0.000|
decoded_match_address<1>|         7.742(R)|      SLOW  |         3.381(R)|      FAST  |clk_BUFGP         |   0.000|
decoded_match_address<2>|         7.874(R)|      SLOW  |         3.435(R)|      FAST  |clk_BUFGP         |   0.000|
decoded_match_address<3>|         8.190(R)|      SLOW  |         3.566(R)|      FAST  |clk_BUFGP         |   0.000|
decoded_match_address<4>|         7.483(R)|      SLOW  |         3.232(R)|      FAST  |clk_BUFGP         |   0.000|
decoded_match_address<5>|         7.381(R)|      SLOW  |         3.193(R)|      FAST  |clk_BUFGP         |   0.000|
decoded_match_address<6>|         7.468(R)|      SLOW  |         3.212(R)|      FAST  |clk_BUFGP         |   0.000|
decoded_match_address<7>|         7.489(R)|      SLOW  |         3.220(R)|      FAST  |clk_BUFGP         |   0.000|
------------------------+-----------------+------------+-----------------+------------+------------------+--------+

Clock to Setup on destination clock clk
---------------+---------+---------+---------+---------+
               | Src:Rise| Src:Fall| Src:Rise| Src:Fall|
Source Clock   |Dest:Rise|Dest:Rise|Dest:Fall|Dest:Fall|
---------------+---------+---------+---------+---------+
clk            |    1.964|         |         |         |
---------------+---------+---------+---------+---------+


Analysis completed Wed May 30 13:01:52 2012 
--------------------------------------------------------------------------------

Trace Settings:
-------------------------
Trace Settings 

Peak Memory Usage: 460 MB



